[debug] [2025-05-24T10:15:58.295Z] ----------------------------------------------------------------------
[debug] [2025-05-24T10:15:58.297Z] Command:       C:\Program Files\nodejs\node.exe C:\Users\lukag\AppData\Roaming\npm\node_modules\firebase-tools\lib\bin\firebase.js init
[debug] [2025-05-24T10:15:58.298Z] CLI Version:   13.34.0
[debug] [2025-05-24T10:15:58.298Z] Platform:      win32
[debug] [2025-05-24T10:15:58.298Z] Node Version:  v22.12.0
[debug] [2025-05-24T10:15:58.298Z] Time:          Sat May 24 2025 14:15:58 GMT+0400 (Georgia Standard Time)
[debug] [2025-05-24T10:15:58.298Z] ----------------------------------------------------------------------
[debug] 
[debug] [2025-05-24T10:15:58.305Z] > command requires scopes: ["email","openid","https://www.googleapis.com/auth/cloudplatformprojects.readonly","https://www.googleapis.com/auth/firebase","https://www.googleapis.com/auth/cloud-platform"]
[debug] [2025-05-24T10:15:58.305Z] > authorizing via signed-in user (lukagaxokidze28@gmail.com)
[info] 
     ######## #### ########  ######## ########     ###     ######  ########
     ##        ##  ##     ## ##       ##     ##  ##   ##  ##       ##
     ######    ##  ########  ######   ########  #########  ######  ######
     ##        ##  ##    ##  ##       ##     ## ##     ##       ## ##
     ##       #### ##     ## ######## ########  ##     ##  ######  ########

You're about to initialize a Firebase project in this directory:

  D:\Coding\Github clones\Chat-Application

[info] 
=== Project Setup
[info] 
[info] First, let's associate this project directory with a Firebase project.
[info] You can create multiple project aliases by running firebase use --add, 
[info] but for now we'll just set up a default project.
[info] 
[debug] [2025-05-24T10:16:54.814Z] Checked if tokens are valid: true, expires at: 1748085344940
[debug] [2025-05-24T10:16:54.814Z] Checked if tokens are valid: true, expires at: 1748085344940
[debug] [2025-05-24T10:16:54.815Z] >>> [apiv2][query] GET https://firebase.googleapis.com/v1beta1/projects pageSize=100
[debug] [2025-05-24T10:16:55.413Z] <<< [apiv2][status] GET https://firebase.googleapis.com/v1beta1/projects 200
[debug] [2025-05-24T10:16:55.413Z] <<< [apiv2][body] GET https://firebase.googleapis.com/v1beta1/projects [omitted]
[info] i  Using project chatapplication-f66e6 (ChatApplication) 
[info] 
=== Firestore Setup
[debug] [2025-05-24T10:16:57.748Z] Checked if tokens are valid: true, expires at: 1748085344940
[debug] [2025-05-24T10:16:57.748Z] Checked if tokens are valid: true, expires at: 1748085344940
[debug] [2025-05-24T10:16:57.748Z] >>> [apiv2][query] GET https://serviceusage.googleapis.com/v1/projects/chatapplication-f66e6/services/firestore.googleapis.com [none]
[debug] [2025-05-24T10:16:57.748Z] >>> [apiv2][(partial)header] GET https://serviceusage.googleapis.com/v1/projects/chatapplication-f66e6/services/firestore.googleapis.com x-goog-quota-user=projects/chatapplication-f66e6
[debug] [2025-05-24T10:16:58.989Z] <<< [apiv2][status] GET https://serviceusage.googleapis.com/v1/projects/chatapplication-f66e6/services/firestore.googleapis.com 200
[debug] [2025-05-24T10:16:58.989Z] <<< [apiv2][body] GET https://serviceusage.googleapis.com/v1/projects/chatapplication-f66e6/services/firestore.googleapis.com [omitted]
[debug] [2025-05-24T10:16:58.989Z] Checked if tokens are valid: true, expires at: 1748085344940
[debug] [2025-05-24T10:16:58.989Z] Checked if tokens are valid: true, expires at: 1748085344940
[debug] [2025-05-24T10:16:58.989Z] >>> [apiv2][query] GET https://firestore.googleapis.com/v1/projects/chatapplication-f66e6/databases/(default) [none]
[debug] [2025-05-24T10:16:59.493Z] <<< [apiv2][status] GET https://firestore.googleapis.com/v1/projects/chatapplication-f66e6/databases/(default) 200
[debug] [2025-05-24T10:16:59.493Z] <<< [apiv2][body] GET https://firestore.googleapis.com/v1/projects/chatapplication-f66e6/databases/(default) {"name":"projects/chatapplication-f66e6/databases/(default)","uid":"c18badda-dea4-47ea-a7ea-6a9b73aa11f2","createTime":"2025-05-24T09:53:20.335075Z","updateTime":"2025-05-24T09:53:20.335075Z","locationId":"eur3","type":"FIRESTORE_NATIVE","concurrencyMode":"PESSIMISTIC","versionRetentionPeriod":"3600s","earliestVersionTime":"2025-05-24T09:53:20.335075Z","appEngineIntegrationMode":"DISABLED","keyPrefix":"e","pointInTimeRecoveryEnablement":"POINT_IN_TIME_RECOVERY_DISABLED","deleteProtectionState":"DELETE_PROTECTION_DISABLED","databaseEdition":"STANDARD","freeTier":true,"etag":"IMCDv5/wu40DMOOBtPrqu40D"}
[debug] [2025-05-24T10:16:59.493Z] database_type: FIRESTORE_NATIVE
[debug] [2025-05-24T10:16:59.493Z] database_type: FIRESTORE_NATIVE
[debug] [2025-05-24T10:16:59.493Z] > command requires scopes: ["email","openid","https://www.googleapis.com/auth/cloudplatformprojects.readonly","https://www.googleapis.com/auth/firebase","https://www.googleapis.com/auth/cloud-platform"]
[debug] [2025-05-24T10:16:59.493Z] > authorizing via signed-in user (lukagaxokidze28@gmail.com)
[debug] [2025-05-24T10:16:59.493Z] [iam] checking project chatapplication-f66e6 for permissions ["firebase.projects.get"]
[debug] [2025-05-24T10:16:59.494Z] Checked if tokens are valid: true, expires at: 1748085344940
[debug] [2025-05-24T10:16:59.494Z] Checked if tokens are valid: true, expires at: 1748085344940
[debug] [2025-05-24T10:16:59.494Z] >>> [apiv2][query] POST https://cloudresourcemanager.googleapis.com/v1/projects/chatapplication-f66e6:testIamPermissions [none]
[debug] [2025-05-24T10:16:59.494Z] >>> [apiv2][(partial)header] POST https://cloudresourcemanager.googleapis.com/v1/projects/chatapplication-f66e6:testIamPermissions x-goog-quota-user=projects/chatapplication-f66e6
[debug] [2025-05-24T10:16:59.494Z] >>> [apiv2][body] POST https://cloudresourcemanager.googleapis.com/v1/projects/chatapplication-f66e6:testIamPermissions {"permissions":["firebase.projects.get"]}
[debug] [2025-05-24T10:17:00.467Z] <<< [apiv2][status] POST https://cloudresourcemanager.googleapis.com/v1/projects/chatapplication-f66e6:testIamPermissions 200
[debug] [2025-05-24T10:17:00.468Z] <<< [apiv2][body] POST https://cloudresourcemanager.googleapis.com/v1/projects/chatapplication-f66e6:testIamPermissions {"permissions":["firebase.projects.get"]}
[info] 
[info] Firestore Security Rules allow you to define how and when to allow
[info] requests. You can keep these rules in your project directory
[info] and publish them with firebase deploy.
[info] 
